 ,OUTPUT S VELOCITY AT ITERATION           1
  0.900  0.900  0.900  0.900  0.900  0.900  0.900  0.900  0.900  0.900  0.900  0.900  0.900  0.900  0.900  0.900  0.900  0.900
  0.900  0.900  0.900  0.900  0.900  0.900  0.900  0.900  0.900  0.900  0.900  0.900  0.900  0.900  0.900  0.900  0.900  0.900
  0.900  0.900  0.899  0.899  0.899  0.900  0.901  0.901  0.901  0.901  0.900  0.900  0.900  0.900  0.900  0.900  0.900  0.900
  0.900  0.900  0.899  0.899  0.899  0.901  0.903  0.903  0.902  0.900  0.899  0.899  0.900  0.903  0.899  0.899  0.900  0.900
  0.900  0.900  0.899  0.899  0.901  0.904  0.907  0.907  0.903  0.899  0.896  0.897  0.903  0.903  0.892  0.896  0.900  0.900
  0.900  0.900  0.900  0.900  0.903  0.911  0.923  0.921  0.911  0.901  0.892  0.895  0.905  0.897  0.887  0.893  0.900  0.900
  0.900  0.900  0.900  0.900  0.904  0.914  0.918  0.918  0.909  0.883  0.867  0.882  0.895  0.890  0.887  0.892  0.900  0.900
  0.900  0.900  0.899  0.898  0.901  0.904  0.895  0.890  0.884  0.859  0.853  0.874  0.882  0.890  0.891  0.895  0.900  0.900
  0.900  0.900  0.898  0.895  0.882  0.873  0.872  0.871  0.880  0.872  0.873  0.898  0.893  0.885  0.891  0.899  0.900  0.900
  0.900  0.900  0.898  0.894  0.881  0.884  0.890  0.905  0.917  0.910  0.901  0.906  0.892  0.875  0.895  0.901  0.900  0.900
  0.900  0.900  0.899  0.899  0.901  0.919  0.921  0.932  0.952  0.942  0.927  0.914  0.902  0.891  0.902  0.905  0.900  0.900
  0.900  0.900  0.900  0.901  0.906  0.921  0.920  0.919  0.932  0.934  0.932  0.914  0.912  0.915  0.918  0.909  0.900  0.900
  0.900  0.900  0.899  0.900  0.903  0.909  0.914  0.916  0.918  0.923  0.906  0.898  0.908  0.917  0.926  0.913  0.900  0.900
  0.900  0.900  0.899  0.899  0.901  0.904  0.909  0.919  0.930  0.917  0.899  0.909  0.918  0.923  0.929  0.914  0.900  0.900
  0.900  0.900  0.898  0.897  0.898  0.900  0.903  0.911  0.915  0.908  0.905  0.909  0.915  0.920  0.923  0.910  0.900  0.900
  0.900  0.900  0.899  0.898  0.898  0.899  0.900  0.901  0.902  0.902  0.902  0.903  0.905  0.907  0.907  0.904  0.900  0.900
  0.900  0.900  0.900  0.900  0.900  0.900  0.900  0.900  0.900  0.900  0.900  0.900  0.900  0.900  0.900  0.900  0.900  0.900
  0.900  0.900  0.900  0.900  0.900  0.900  0.900  0.900  0.900  0.900  0.900  0.900  0.900  0.900  0.900  0.900  0.900  0.900
  1.020  1.020  1.020  1.020  1.020  1.020  1.020  1.020  1.020  1.020  1.020  1.020  1.020  1.020  1.020  1.020  1.020  1.020
  1.020  1.020  1.019  1.019  1.019  1.020  1.021  1.021  1.021  1.021  1.020  1.020  1.020  1.020  1.020  1.020  1.020  1.020
  1.020  1.019  1.019  1.021  1.025  1.030  1.034  1.033  1.027  1.019  1.013  1.009  1.007  1.006  1.006  1.012  1.020  1.020
  1.020  1.019  1.021  1.025  1.034  1.045  1.051  1.048  1.035  1.017  1.003  0.996  0.994  0.993  0.992  1.002  1.019  1.020
  1.020  1.019  1.023  1.031  1.045  1.062  1.074  1.067  1.043  1.013  0.990  0.982  0.982  0.979  0.977  0.993  1.017  1.020
  1.020  1.020  1.024  1.034  1.052  1.077  1.093  1.081  1.044  0.999  0.968  0.963  0.969  0.966  0.966  0.987  1.015  1.020
  1.020  1.020  1.023  1.031  1.047  1.068  1.075  1.058  1.017  0.962  0.929  0.935  0.951  0.957  0.968  0.989  1.014  1.020
  1.020  1.019  1.019  1.021  1.028  1.035  1.028  1.010  0.979  0.935  0.916  0.933  0.950  0.965  0.981  1.000  1.016  1.020
  1.020  1.018  1.016  1.013  1.007  1.007  1.006  1.004  0.998  0.976  0.966  0.979  0.981  0.984  0.999  1.013  1.018  1.020
  1.020  1.018  1.019  1.021  1.023  1.040  1.059  1.079  1.090  1.074  1.050  1.038  1.020  1.011  1.026  1.030  1.020  1.020
  1.020  1.019  1.027  1.041  1.066  1.104  1.132  1.158  1.176  1.159  1.123  1.090  1.067  1.058  1.064  1.052  1.024  1.020
  1.020  1.020  1.031  1.051  1.084  1.125  1.152  1.170  1.184  1.173  1.144  1.113  1.105  1.109  1.107  1.076  1.028  1.020
  1.020  1.019  1.029  1.046  1.073  1.105  1.131  1.147  1.156  1.146  1.118  1.106  1.118  1.136  1.134  1.092  1.031  1.020
  1.020  1.019  1.024  1.034  1.053  1.076  1.099  1.119  1.130  1.116  1.096  1.103  1.125  1.144  1.140  1.095  1.032  1.020
  1.020  1.018  1.019  1.024  1.035  1.049  1.066  1.083  1.091  1.085  1.079  1.089  1.109  1.123  1.117  1.080  1.029  1.020
  1.020  1.019  1.018  1.019  1.024  1.031  1.039  1.048  1.052  1.052  1.052  1.059  1.069  1.076  1.072  1.052  1.024  1.020
  1.020  1.020  1.019  1.018  1.018  1.019  1.020  1.021  1.022  1.022  1.022  1.023  1.025  1.027  1.027  1.024  1.020  1.020
  1.020  1.020  1.020  1.020  1.020  1.020  1.020  1.020  1.020  1.020  1.020  1.020  1.020  1.020  1.020  1.020  1.020  1.020
  1.140  1.140  1.140  1.140  1.140  1.140  1.140  1.140  1.140  1.140  1.140  1.140  1.140  1.140  1.140  1.140  1.140  1.140
  1.140  1.140  1.139  1.138  1.139  1.140  1.142  1.143  1.142  1.141  1.140  1.140  1.140  1.140  1.139  1.139  1.140  1.140
  1.140  1.139  1.139  1.143  1.150  1.158  1.164  1.161  1.151  1.137  1.125  1.116  1.111  1.109  1.112  1.123  1.139  1.140
  1.140  1.138  1.142  1.150  1.165  1.183  1.194  1.187  1.163  1.133  1.107  1.092  1.084  1.080  1.084  1.106  1.137  1.140
  1.140  1.138  1.146  1.159  1.183  1.213  1.232  1.220  1.178  1.127  1.088  1.070  1.063  1.055  1.059  1.091  1.134  1.140
  1.140  1.139  1.147  1.164  1.195  1.237  1.264  1.243  1.181  1.109  1.060  1.046  1.044  1.037  1.048  1.086  1.132  1.140
  1.140  1.139  1.145  1.159  1.187  1.222  1.235  1.204  1.138  1.062  1.017  1.018  1.028  1.037  1.060  1.095  1.134  1.140
  1.140  1.138  1.139  1.145  1.158  1.171  1.161  1.127  1.080  1.028  1.007  1.022  1.040  1.061  1.089  1.116  1.137  1.140
  1.140  1.137  1.136  1.136  1.136  1.140  1.135  1.123  1.112  1.090  1.080  1.090  1.092  1.102  1.124  1.138  1.140  1.140
  1.140  1.137  1.143  1.153  1.169  1.200  1.224  1.244  1.254  1.230  1.198  1.177  1.156  1.152  1.168  1.166  1.143  1.140
  1.140  1.139  1.156  1.185  1.234  1.297  1.339  1.368  1.381  1.350  1.295  1.249  1.223  1.222  1.227  1.201  1.149  1.140
  1.140  1.140  1.162  1.198  1.256  1.324  1.365  1.383  1.391  1.368  1.318  1.277  1.275  1.291  1.289  1.236  1.155  1.140
  1.140  1.139  1.157  1.187  1.233  1.286  1.323  1.338  1.342  1.325  1.282  1.269  1.298  1.331  1.328  1.260  1.159  1.140
  1.140  1.138  1.147  1.166  1.197  1.234  1.265  1.285  1.295  1.280  1.254  1.267  1.309  1.343  1.336  1.263  1.161  1.140
  1.140  1.136  1.140  1.149  1.166  1.189  1.212  1.231  1.242  1.238  1.231  1.250  1.284  1.308  1.298  1.238  1.156  1.140
  1.140  1.137  1.137  1.139  1.147  1.158  1.171  1.182  1.189  1.190  1.191  1.203  1.221  1.233  1.226  1.193  1.146  1.140
  1.140  1.140  1.137  1.136  1.136  1.137  1.139  1.140  1.142  1.142  1.142  1.145  1.148  1.151  1.151  1.146  1.140  1.140
  1.140  1.140  1.140  1.140  1.140  1.140  1.140  1.140  1.140  1.140  1.140  1.140  1.140  1.140  1.140  1.140  1.140  1.140
  1.260  1.260  1.260  1.260  1.260  1.260  1.260  1.260  1.260  1.260  1.260  1.260  1.260  1.260  1.260  1.260  1.260  1.260
  1.260  1.260  1.259  1.258  1.258  1.260  1.262  1.263  1.263  1.261  1.260  1.259  1.258  1.257  1.257  1.258  1.260  1.260
  1.260  1.259  1.259  1.263  1.272  1.282  1.288  1.285  1.271  1.253  1.236  1.223  1.215  1.211  1.217  1.235  1.258  1.260
  1.260  1.258  1.262  1.272  1.289  1.311  1.324  1.315  1.284  1.245  1.211  1.187  1.172  1.165  1.176  1.211  1.255  1.260
  1.260  1.258  1.266  1.282  1.310  1.347  1.370  1.354  1.301  1.237  1.187  1.158  1.141  1.129  1.144  1.193  1.252  1.260
  1.260  1.259  1.268  1.288  1.324  1.375  1.409  1.383  1.306  1.220  1.162  1.140  1.126  1.115  1.137  1.191  1.251  1.260
  1.260  1.259  1.265  1.282  1.314  1.356  1.373  1.335  1.255  1.174  1.130  1.126  1.126  1.131  1.165  1.210  1.255  1.260
  1.260  1.258  1.260  1.267  1.282  1.298  1.285  1.241  1.187  1.145  1.134  1.148  1.157  1.178  1.212  1.239  1.260  1.260
  1.260  1.257  1.258  1.261  1.266  1.273  1.262  1.242  1.231  1.221  1.223  1.232  1.228  1.237  1.259  1.269  1.262  1.260
  1.260  1.257  1.268  1.285  1.313  1.353  1.377  1.392  1.399  1.377  1.348  1.326  1.303  1.302  1.314  1.303  1.266  1.260
  1.260  1.259  1.283  1.323  1.388  1.467  1.516  1.540  1.542  1.503  1.444  1.394  1.373  1.379  1.381  1.342  1.273  1.260
  1.260  1.260  1.289  1.336  1.409  1.492  1.539  1.551  1.548  1.515  1.454  1.412  1.421  1.449  1.446  1.380  1.279  1.260
  1.260  1.259  1.281  1.319  1.376  1.439  1.479  1.487  1.484  1.461  1.411  1.402  1.446  1.490  1.487  1.405  1.283  1.260
  1.260  1.257  1.269  1.292  1.329  1.371  1.403  1.417  1.424  1.410  1.382  1.403  1.460  1.502  1.494  1.408  1.284  1.260
  1.260  1.255  1.259  1.270  1.291  1.316  1.340  1.357  1.368  1.366  1.362  1.387  1.430  1.460  1.448  1.378  1.278  1.260
  1.260  1.256  1.256  1.259  1.267  1.280  1.293  1.304  1.312  1.315  1.318  1.334  1.356  1.371  1.362  1.323  1.267  1.260
  1.260  1.260  1.256  1.254  1.254  1.256  1.257  1.259  1.260  1.261  1.262  1.265  1.269  1.273  1.273  1.267  1.260  1.260
  1.260  1.260  1.260  1.260  1.260  1.260  1.260  1.260  1.260  1.260  1.260  1.260  1.260  1.260  1.260  1.260  1.260  1.260
  1.380  1.380  1.380  1.380  1.380  1.380  1.380  1.380  1.380  1.380  1.380  1.380  1.380  1.380  1.380  1.380  1.380  1.380
  1.380  1.380  1.379  1.378  1.378  1.380  1.382  1.383  1.382  1.381  1.379  1.377  1.376  1.375  1.375  1.377  1.380  1.380
  1.380  1.379  1.379  1.383  1.391  1.401  1.406  1.402  1.388  1.368  1.349  1.334  1.323  1.318  1.327  1.350  1.377  1.380
  1.380  1.378  1.381  1.390  1.407  1.428  1.439  1.429  1.397  1.355  1.318  1.290  1.269  1.259  1.277  1.322  1.373  1.380
  1.380  1.378  1.385  1.400  1.427  1.461  1.483  1.465  1.409  1.343  1.290  1.255  1.231  1.216  1.241  1.304  1.370  1.380
  1.380  1.379  1.387  1.405  1.439  1.487  1.519  1.491  1.412  1.326  1.268  1.242  1.222  1.209  1.242  1.305  1.370  1.380
  1.380  1.379  1.384  1.398  1.427  1.466  1.482  1.441  1.360  1.286  1.251  1.248  1.239  1.241  1.281  1.330  1.376  1.380
  1.380  1.378  1.379  1.385  1.398  1.410  1.395  1.347  1.295  1.268  1.274  1.289  1.289  1.303  1.338  1.364  1.382  1.380
  1.380  1.377  1.379  1.383  1.388  1.394  1.380  1.357  1.348  1.353  1.371  1.381  1.370  1.375  1.392  1.396  1.384  1.380
  1.380  1.378  1.390  1.410  1.442  1.482  1.504  1.516  1.521  1.506  1.488  1.468  1.444  1.443  1.449  1.431  1.388  1.380
  1.380  1.379  1.405  1.447  1.516  1.596  1.646  1.665  1.660  1.622  1.569  1.523  1.506  1.515  1.513  1.469  1.394  1.380
  1.380  1.380  1.410  1.458  1.533  1.617  1.665  1.673  1.662  1.627  1.569  1.530  1.544  1.575  1.571  1.503  1.400  1.380
  1.380  1.379  1.401  1.439  1.497  1.559  1.598  1.602  1.596  1.573  1.525  1.519  1.566  1.611  1.606  1.525  1.403  1.380
  1.380  1.377  1.388  1.411  1.448  1.489  1.518  1.527  1.532  1.521  1.496  1.519  1.578  1.621  1.612  1.526  1.403  1.380
  1.380  1.375  1.379  1.389  1.409  1.433  1.454  1.468  1.479  1.479  1.477  1.503  1.547  1.578  1.566  1.496  1.397  1.380
  1.380  1.376  1.375  1.378  1.386  1.398  1.410  1.419  1.427  1.431  1.435  1.451  1.475  1.490  1.481  1.442  1.387  1.380
  1.380  1.380  1.376  1.374  1.374  1.375  1.377  1.378  1.379  1.380  1.381  1.384  1.388  1.392  1.392  1.387  1.380  1.380
  1.380  1.380  1.380  1.380  1.380  1.380  1.380  1.380  1.380  1.380  1.380  1.380  1.380  1.380  1.380  1.380  1.380  1.380
  1.560  1.560  1.560  1.560  1.560  1.560  1.560  1.560  1.560  1.560  1.560  1.560  1.560  1.560  1.560  1.560  1.560  1.560
  1.560  1.560  1.559  1.558  1.559  1.560  1.561  1.562  1.561  1.560  1.558  1.556  1.555  1.553  1.554  1.557  1.560  1.560
  1.560  1.559  1.559  1.562  1.568  1.575  1.579  1.575  1.563  1.546  1.529  1.514  1.503  1.499  1.509  1.531  1.557  1.560
  1.560  1.559  1.561  1.567  1.580  1.595  1.604  1.594  1.566  1.531  1.497  1.470  1.449  1.439  1.460  1.505  1.553  1.560
  1.560  1.558  1.563  1.574  1.594  1.620  1.636  1.618  1.571  1.515  1.468  1.435  1.410  1.397  1.427  1.489  1.550  1.560
  1.560  1.559  1.564  1.577  1.602  1.638  1.662  1.635  1.568  1.497  1.449  1.426  1.406  1.395  1.431  1.492  1.551  1.560
  1.560  1.558  1.561  1.571  1.592  1.619  1.630  1.592  1.522  1.465  1.443  1.443  1.432  1.432  1.471  1.516  1.556  1.560
  1.560  1.558  1.558  1.561  1.568  1.574  1.559  1.515  1.472  1.459  1.476  1.493  1.488  1.496  1.525  1.548  1.562  1.560
  1.560  1.557  1.559  1.561  1.564  1.566  1.553  1.532  1.526  1.540  1.567  1.578  1.564  1.564  1.575  1.576  1.564  1.560
  1.560  1.558  1.569  1.586  1.612  1.644  1.663  1.674  1.678  1.670  1.663  1.648  1.626  1.622  1.624  1.606  1.568  1.560
  1.560  1.560  1.581  1.616  1.673  1.740  1.784  1.801  1.794  1.764  1.724  1.687  1.673  1.680  1.676  1.637  1.573  1.560
  1.560  1.560  1.584  1.624  1.686  1.756  1.799  1.807  1.796  1.767  1.720  1.687  1.699  1.724  1.719  1.663  1.577  1.560
  1.560  1.559  1.577  1.608  1.655  1.707  1.740  1.745  1.740  1.723  1.683  1.677  1.717  1.752  1.746  1.679  1.578  1.560
  1.560  1.557  1.566  1.584  1.614  1.647  1.671  1.680  1.685  1.678  1.658  1.677  1.725  1.760  1.750  1.679  1.579  1.560
  1.560  1.556  1.558  1.566  1.582  1.601  1.618  1.629  1.639  1.640  1.639  1.661  1.698  1.723  1.713  1.655  1.574  1.560
  1.560  1.557  1.556  1.557  1.563  1.573  1.582  1.590  1.597  1.600  1.604  1.618  1.637  1.649  1.642  1.611  1.566  1.560
  1.560  1.560  1.557  1.555  1.555  1.555  1.557  1.558  1.559  1.560  1.561  1.563  1.567  1.569  1.570  1.566  1.560  1.560
  1.560  1.560  1.560  1.560  1.560  1.560  1.560  1.560  1.560  1.560  1.560  1.560  1.560  1.560  1.560  1.560  1.560  1.560
  1.740  1.740  1.740  1.740  1.740  1.740  1.740  1.740  1.740  1.740  1.740  1.740  1.740  1.740  1.740  1.740  1.740  1.740
  1.740  1.740  1.739  1.739  1.739  1.740  1.740  1.741  1.740  1.740  1.739  1.737  1.736  1.735  1.736  1.738  1.740  1.740
  1.740  1.739  1.739  1.741  1.744  1.748  1.750  1.748  1.740  1.730  1.719  1.710  1.702  1.698  1.706  1.721  1.738  1.740
  1.740  1.739  1.740  1.743  1.750  1.759  1.763  1.757  1.740  1.718  1.697  1.679  1.663  1.654  1.671  1.704  1.735  1.740
  1.740  1.739  1.741  1.747  1.758  1.772  1.780  1.768  1.738  1.704  1.674  1.652  1.633  1.624  1.648  1.693  1.734  1.740
  1.740  1.739  1.741  1.748  1.762  1.781  1.795  1.776  1.733  1.689  1.659  1.645  1.633  1.625  1.653  1.696  1.734  1.740
  1.740  1.739  1.740  1.744  1.754  1.769  1.775  1.748  1.700  1.666  1.656  1.661  1.654  1.652  1.681  1.712  1.737  1.740
  1.740  1.739  1.738  1.738  1.739  1.739  1.728  1.696  1.666  1.664  1.685  1.700  1.694  1.697  1.719  1.733  1.741  1.740
  1.740  1.738  1.738  1.738  1.736  1.734  1.724  1.710  1.708  1.723  1.749  1.759  1.746  1.743  1.750  1.751  1.743  1.740
  1.740  1.739  1.745  1.754  1.768  1.787  1.800  1.809  1.814  1.809  1.808  1.799  1.783  1.779  1.780  1.769  1.745  1.740
  1.740  1.740  1.752  1.772  1.806  1.850  1.880  1.892  1.888  1.868  1.843  1.818  1.810  1.814  1.811  1.787  1.748  1.740
  1.740  1.740  1.754  1.777  1.814  1.859  1.887  1.893  1.886  1.870  1.839  1.815  1.823  1.839  1.836  1.802  1.750  1.740
  1.740  1.739  1.749  1.767  1.795  1.826  1.848  1.853  1.852  1.844  1.815  1.810  1.835  1.855  1.852  1.811  1.751  1.740
  1.740  1.738  1.743  1.753  1.770  1.790  1.805  1.811  1.816  1.813  1.799  1.811  1.842  1.862  1.856  1.811  1.751  1.740
  1.740  1.738  1.738  1.742  1.750  1.762  1.772  1.780  1.786  1.787  1.787  1.800  1.823  1.839  1.833  1.797  1.748  1.740
  1.740  1.738  1.737  1.737  1.740  1.746  1.751  1.756  1.760  1.763  1.765  1.774  1.785  1.793  1.789  1.770  1.743  1.740
  1.740  1.740  1.738  1.737  1.737  1.737  1.738  1.738  1.739  1.740  1.740  1.742  1.744  1.745  1.746  1.743  1.740  1.740
  1.740  1.740  1.740  1.740  1.740  1.740  1.740  1.740  1.740  1.740  1.740  1.740  1.740  1.740  1.740  1.740  1.740  1.740
  1.980  1.980  1.980  1.980  1.980  1.980  1.980  1.980  1.980  1.980  1.980  1.980  1.980  1.980  1.980  1.980  1.980  1.980
  1.980  1.980  1.980  1.980  1.980  1.980  1.980  1.980  1.980  1.980  1.980  1.980  1.980  1.980  1.980  1.980  1.980  1.980
  1.980  1.980  1.979  1.979  1.979  1.980  1.980  1.981  1.980  1.980  1.979  1.977  1.976  1.975  1.976  1.978  1.980  1.980
  1.980  1.980  1.979  1.979  1.979  1.980  1.982  1.982  1.980  1.978  1.974  1.971  1.965  1.955  1.961  1.975  1.980  1.980
  1.980  1.980  1.979  1.979  1.980  1.983  1.984  1.982  1.977  1.971  1.965  1.958  1.952  1.939  1.953  1.974  1.980  1.980
  1.980  1.980  1.979  1.979  1.981  1.987  1.999  1.994  1.980  1.967  1.956  1.957  1.958  1.944  1.959  1.974  1.980  1.980
  1.980  1.980  1.979  1.979  1.980  1.986  1.997  1.990  1.964  1.949  1.951  1.968  1.962  1.950  1.971  1.977  1.980  1.980
  1.980  1.980  1.979  1.977  1.976  1.972  1.969  1.946  1.926  1.939  1.964  1.980  1.967  1.968  1.984  1.982  1.980  1.980
  1.980  1.980  1.978  1.976  1.966  1.958  1.950  1.939  1.948  1.966  1.993  2.002  1.983  1.981  1.983  1.984  1.980  1.980
  1.980  1.980  1.979  1.979  1.978  1.980  1.982  1.995  2.004  1.993  1.996  1.995  1.981  1.980  1.986  1.986  1.980  1.980
  1.980  1.980  1.980  1.981  1.989  2.008  2.022  2.026  2.021  2.010  2.001  1.986  1.986  1.991  1.993  1.989  1.980  1.980
  1.980  1.980  1.980  1.982  1.989  2.006  2.012  2.008  2.003  2.006  1.994  1.973  1.982  1.996  1.999  1.991  1.980  1.980
  1.980  1.980  1.979  1.980  1.983  1.988  1.993  1.991  1.993  2.004  1.979  1.976  1.991  1.995  2.000  1.992  1.980  1.980
  1.980  1.980  1.978  1.978  1.979  1.982  1.984  1.984  1.990  1.992  1.975  1.986  2.003  2.007  2.006  1.992  1.980  1.980
  1.980  1.980  1.978  1.976  1.977  1.978  1.979  1.981  1.985  1.983  1.982  1.985  1.992  2.000  2.002  1.989  1.980  1.980
  1.980  1.980  1.978  1.977  1.977  1.977  1.978  1.978  1.979  1.980  1.980  1.982  1.984  1.985  1.986  1.983  1.980  1.980
  1.980  1.980  1.980  1.980  1.980  1.980  1.980  1.980  1.980  1.980  1.980  1.980  1.980  1.980  1.980  1.980  1.980  1.980
  1.980  1.980  1.980  1.980  1.980  1.980  1.980  1.980  1.980  1.980  1.980  1.980  1.980  1.980  1.980  1.980  1.980  1.980
  2.400  2.400  2.400  2.400  2.400  2.400  2.400  2.400  2.400  2.400  2.400  2.400  2.400  2.400  2.400  2.400  2.400  2.400
  2.400  2.400  2.400  2.400  2.400  2.400  2.400  2.400  2.400  2.400  2.400  2.400  2.400  2.400  2.400  2.400  2.400  2.400
  2.400  2.400  2.400  2.400  2.400  2.400  2.400  2.400  2.400  2.400  2.400  2.400  2.400  2.400  2.400  2.400  2.400  2.400
  2.400  2.400  2.400  2.400  2.400  2.400  2.400  2.400  2.400  2.400  2.400  2.400  2.400  2.400  2.400  2.400  2.400  2.400
  2.400  2.400  2.400  2.400  2.400  2.400  2.400  2.400  2.400  2.400  2.400  2.400  2.400  2.400  2.400  2.400  2.400  2.400
  2.400  2.400  2.400  2.400  2.400  2.400  2.400  2.400  2.400  2.400  2.400  2.400  2.400  2.400  2.400  2.400  2.400  2.400
  2.400  2.400  2.400  2.400  2.400  2.400  2.400  2.400  2.400  2.400  2.400  2.400  2.400  2.400  2.400  2.400  2.400  2.400
  2.400  2.400  2.400  2.400  2.400  2.400  2.400  2.400  2.400  2.400  2.400  2.400  2.400  2.400  2.400  2.400  2.400  2.400
  2.400  2.400  2.400  2.400  2.400  2.400  2.400  2.400  2.400  2.400  2.400  2.400  2.400  2.400  2.400  2.400  2.400  2.400
  2.400  2.400  2.400  2.400  2.400  2.400  2.400  2.400  2.400  2.400  2.400  2.400  2.400  2.400  2.400  2.400  2.400  2.400
  2.400  2.400  2.400  2.400  2.400  2.400  2.400  2.400  2.400  2.400  2.400  2.400  2.400  2.400  2.400  2.400  2.400  2.400
  2.400  2.400  2.400  2.400  2.400  2.400  2.400  2.400  2.400  2.400  2.400  2.400  2.400  2.400  2.400  2.400  2.400  2.400
  2.400  2.400  2.400  2.400  2.400  2.400  2.400  2.400  2.400  2.400  2.400  2.400  2.400  2.400  2.400  2.400  2.400  2.400
  2.400  2.400  2.400  2.400  2.400  2.400  2.400  2.400  2.400  2.400  2.400  2.400  2.400  2.400  2.400  2.400  2.400  2.400
  2.400  2.400  2.400  2.400  2.400  2.400  2.400  2.400  2.400  2.400  2.400  2.400  2.400  2.400  2.400  2.400  2.400  2.400
  2.400  2.400  2.400  2.400  2.400  2.400  2.400  2.400  2.400  2.400  2.400  2.400  2.400  2.400  2.400  2.400  2.400  2.400
  2.400  2.400  2.400  2.400  2.400  2.400  2.400  2.400  2.400  2.400  2.400  2.400  2.400  2.400  2.400  2.400  2.400  2.400
  2.400  2.400  2.400  2.400  2.400  2.400  2.400  2.400  2.400  2.400  2.400  2.400  2.400  2.400  2.400  2.400  2.400  2.400
 ,OUTPUT DWS AT ITERATION           1
     0.0     0.0     0.0     0.0     0.0     0.0     0.0     0.0     0.0     0.0     0.0     0.0     0.0     0.0     0.0     0.0
     0.0     0.0     0.0     0.0     0.0     0.0     0.0     0.0     0.0     0.0     0.0     0.0     0.0     0.0     0.0     0.0
     0.0     0.0     0.0     0.0     0.0     0.0     0.0     0.0     0.0     0.0     0.0     0.2     1.9     1.3     0.0     0.0
     0.0     0.0     0.0     0.0     0.0     0.0     0.0     0.1     0.1     0.1     0.6     2.5     5.4     2.9     0.2     0.0
     0.0     0.0     0.0     0.0     0.4     2.1     1.4     0.7     0.7     1.6     2.7     3.4     3.6     2.0     0.4     0.0
     0.0     0.0     0.0     0.1     1.0     2.7     2.4     3.1     5.7     7.6     6.7     5.7     4.0     3.6     0.8     0.0
     0.0     0.0     0.0     0.3     1.1     2.5     3.5     6.4     8.8     9.4     9.8     9.2     6.3     5.5     1.0     0.0
     0.0     0.0     0.1     2.3     3.7     5.0     7.4     7.6     8.9    11.7    10.3    10.1     8.4     2.8     0.3     0.0
     0.0     0.0     0.3     3.2     5.1     7.6     8.4     7.6     8.5    11.0    11.0    11.3     7.3     1.7     0.2     0.0
     0.0     0.0     0.1     1.5     5.8     8.4     8.3     9.2     7.9     8.5    11.1     9.6     6.6     2.0     0.2     0.0
     0.0     0.0     0.0     0.3     2.2     3.5     5.7     7.6     6.2     6.8     7.1     4.5     3.6     1.5     0.2     0.0
     0.0     0.0     0.0     0.0     0.2     1.1     2.7     4.9     6.1     6.0     3.8     2.1     2.4     2.1     0.3     0.0
     0.0     0.0     0.0     0.0     0.0     0.5     2.9     4.1     3.3     3.7     1.7     1.8     3.1     3.8     0.5     0.0
     0.0     0.0     0.0     0.0     0.0     0.0     0.7     0.9     0.3     0.3     0.3     0.5     1.1     2.3     0.2     0.0
     0.0     0.0     0.0     0.0     0.0     0.0     0.0     0.0     0.0     0.0     0.0     0.0     0.0     0.0     0.0     0.0
     0.0     0.0     0.0     0.0     0.0     0.0     0.0     0.0     0.0     0.0     0.0     0.0     0.0     0.0     0.0     0.0
     0.0     0.0     0.0     0.0     0.0     0.0     0.0     0.0     0.0     0.0     0.0     0.0     0.0     0.0     0.0     0.0
     0.0     0.0     0.0     0.0     0.0     0.0     0.0     0.0     0.0     0.0     0.0     0.0     0.0     0.1     0.0     0.0
     0.0     0.0     0.0     0.0     0.0     0.0     0.0     0.0     0.0     0.0     0.0     0.9     6.4     5.3     0.1     0.0
     0.0     0.0     0.0     0.0     0.0     0.3     0.2     0.1     0.2     0.4     1.9     7.4    15.9     9.5     0.6     0.0
     0.0     0.0     0.0     0.0     1.9     6.1     3.8     2.2     2.6     5.9     8.8    10.9    11.1     6.5     1.4     0.0
     0.0     0.0     0.0     0.4     3.5     8.2     6.3     9.8    17.9    24.0    22.4    19.2    12.5    11.4     3.8     0.0
     0.0     0.0     0.1     1.2     3.9     8.1    10.3    19.5    26.7    28.8    29.8    28.7    19.4    16.2     4.3     0.0
     0.0     0.0     1.0     7.7    11.3    16.4    21.8    22.8    26.6    37.0    32.1    31.0    27.1     9.4     1.2     0.0
     0.0     0.0     1.6    11.2    17.0    23.3    24.2    21.8    24.9    33.4    34.3    35.3    24.6     5.9     0.6     0.0
     0.0     0.0     0.4     6.6    19.2    25.6    26.4    28.2    23.9    25.9    34.1    30.3    21.0     6.8     0.5     0.0
     0.0     0.0     0.0     2.0     8.2    12.0    19.6    24.5    19.3    22.2    23.0    14.1    11.7     5.3     0.6     0.0
     0.0     0.0     0.0     0.0     0.9     4.1     8.8    15.3    18.9    17.9    11.0     6.5     7.1     6.0     1.1     0.0
     0.0     0.0     0.0     0.0     0.1     1.8     9.4    13.1    11.6    11.9     5.8     4.9     8.5    10.6     2.3     0.0
     0.0     0.0     0.0     0.0     0.0     0.2     3.3     3.7     1.5     1.5     1.1     1.8     3.7     6.8     1.9     0.0
     0.0     0.0     0.0     0.0     0.0     0.0     0.0     0.0     0.0     0.0     0.0     0.0     0.1     0.2     0.0     0.0
     0.0     0.0     0.0     0.0     0.0     0.0     0.0     0.0     0.0     0.0     0.0     0.0     0.0     0.0     0.0     0.0
     0.0     0.0     0.0     0.0     0.0     0.0     0.0     0.0     0.0     0.0     0.0     0.0     0.0     0.0     0.0     0.0
     0.0     0.0     0.0     0.0     0.0     0.0     0.0     0.0     0.0     0.0     0.0     0.0     0.0     0.0     0.0     0.0
     0.0     0.0     0.0     0.0     0.0     0.0     0.0     0.0     0.0     0.1     0.2     1.9    10.8     8.8     0.1     0.0
     0.0     0.0     0.0     0.0     0.1     1.1     0.8     0.5     0.4     0.9     3.7    11.6    24.4    14.7     0.8     0.0
     0.0     0.0     0.0     0.1     3.8    12.7     9.4     5.3     5.7    10.7    14.1    16.5    17.9     9.9     1.6     0.0
     0.0     0.0     0.0     0.6     5.9    15.0    14.5    19.0    30.9    40.0    36.5    30.5    21.9    19.3     5.9     0.0
     0.0     0.0     0.1     2.3     7.5    13.8    19.9    35.6    47.9    50.5    50.8    45.7    31.4    26.6     7.5     0.0
     0.0     0.0     1.8    14.2    20.9    28.7    40.4    46.4    52.8    63.0    55.5    50.4    39.1    15.1     2.6     0.0
     0.0     0.0     2.3    18.3    31.1    44.2    49.1    46.3    49.2    59.0    58.0    55.3    35.2    10.0     1.7     0.0
     0.0     0.0     0.4    10.4    34.6    47.4    47.4    49.6    44.4    47.8    55.4    47.6    32.1    11.9     1.6     0.0
     0.0     0.0     0.0     3.9    15.4    21.6    31.5    39.7    35.0    39.0    38.8    25.9    21.5    10.6     1.8     0.0
     0.0     0.0     0.0     0.1     1.9     7.5    15.2    25.5    31.3    32.1    22.2    14.8    15.5    12.7     2.7     0.0
     0.0     0.0     0.0     0.0     0.1     3.2    15.9    21.3    19.0    21.1    11.8    10.2    18.0    22.3     5.7     0.0
     0.0     0.0     0.0     0.0     0.0     0.4     5.9     6.3     2.4     2.7     1.7     3.0     7.7    14.8     4.8     0.0
     0.0     0.0     0.0     0.0     0.0     0.0     0.0     0.0     0.0     0.0     0.0     0.1     0.2     0.5     0.0     0.0
     0.0     0.0     0.0     0.0     0.0     0.0     0.0     0.0     0.0     0.0     0.0     0.0     0.0     0.0     0.0     0.0
     0.0     0.0     0.0     0.0     0.0     0.0     0.0     0.0     0.0     0.0     0.0     0.0     0.0     0.0     0.0     0.0
     0.0     0.0     0.0     0.0     0.0     0.0     0.0     0.0     0.0     0.0     0.0     0.0     0.0     0.0     0.0     0.0
     0.0     0.0     0.0     0.0     0.0     0.0     0.0     0.0     0.1     0.2     0.5     2.7    12.8    10.0     0.1     0.0
     0.0     0.0     0.0     0.0     0.0     1.4     1.3     0.9     0.9     1.6     5.2    14.1    27.7    16.3     0.7     0.0
     0.0     0.0     0.0     0.0     3.9    15.1    12.4     7.1     7.3    12.8    15.9    18.0    20.2    10.6     1.2     0.0
     0.0     0.0     0.0     0.5     5.3    16.5    19.0    22.9    34.9    43.3    38.1    31.8    24.9    21.6     5.9     0.0
     0.0     0.0     0.1     2.1     7.8    15.1    24.7    42.3    55.3    56.7    55.6    48.9    34.9    29.6     8.1     0.0
     0.0     0.0     1.8    15.6    24.0    32.4    48.4    56.3    63.0    67.6    60.1    54.1    38.9    16.1     3.1     0.0
     0.0     0.0     2.0    18.1    33.7    50.5    59.1    56.3    59.4    65.5    62.7    57.8    34.2    10.9     2.3     0.0
     0.0     0.0     0.2     9.8    36.5    51.6    51.0    54.2    51.4    54.3    59.6    50.2    33.2    13.3     2.3     0.0
     0.0     0.0     0.0     4.2    16.0    21.7    30.8    40.7    39.1    41.8    41.4    29.6    24.3    12.3     2.6     0.0
     0.0     0.0     0.0     0.1     1.8     7.3    16.3    27.4    33.1    36.1    26.6    18.5    19.1    15.3     3.6     0.0
     0.0     0.0     0.0     0.0     0.1     3.0    16.8    22.2    18.5    22.8    13.9    12.7    22.5    27.4     7.2     0.0
     0.0     0.0     0.0     0.0     0.0     0.4     6.1     6.4     2.2     2.8     1.7     3.4     9.4    18.3     6.0     0.0
     0.0     0.0     0.0     0.0     0.0     0.0     0.0     0.0     0.0     0.0     0.0     0.1     0.2     0.4     0.0     0.0
     0.0     0.0     0.0     0.0     0.0     0.0     0.0     0.0     0.0     0.0     0.0     0.0     0.0     0.0     0.0     0.0
     0.0     0.0     0.0     0.0     0.0     0.0     0.0     0.0     0.0     0.0     0.0     0.0     0.0     0.0     0.0     0.0
     0.0     0.0     0.0     0.0     0.0     0.0     0.0     0.0     0.0     0.0     0.0     0.0     0.1     0.0     0.0     0.0
     0.0     0.0     0.0     0.0     0.0     0.0     0.0     0.0     0.2     0.4     0.8     3.5    15.1    11.3     0.0     0.0
     0.0     0.0     0.0     0.0     0.0     1.6     1.7     1.4     1.5     2.5     6.9    16.7    31.2    17.8     0.6     0.0
     0.0     0.0     0.0     0.0     3.7    15.8    13.7     7.9     8.4    14.6    17.6    19.8    22.2    11.2     0.9     0.0
     0.0     0.0     0.0     0.3     4.2    16.6    21.0    24.7    36.8    44.5    38.2    32.2    27.1    23.2     5.9     0.0
     0.0     0.0     0.0     1.7     7.3    15.6    28.0    46.7    59.2    59.2    57.3    50.7    37.6    31.5     8.4     0.0
     0.0     0.0     1.6    16.1    25.3    34.4    53.0    61.4    67.7    68.3    61.0    55.2    38.6    16.4     3.2     0.0
     0.0     0.0     1.7    17.6    34.0    53.0    63.1    60.6    64.4    67.5    63.7    57.6    33.0    11.3     2.7     0.0
     0.0     0.0     0.1     8.9    35.5    51.4    50.5    54.9    54.1    56.1    60.7    50.8    33.2    13.8     2.6     0.0
     0.0     0.0     0.0     4.0    15.3    20.2    28.8    40.0    40.6    42.2    41.5    31.0    25.0    12.9     3.0     0.0
     0.0     0.0     0.0     0.0     1.5     6.3    16.4    28.4    33.5    37.7    28.4    19.9    20.7    16.3     4.0     0.0
     0.0     0.0     0.0     0.0     0.1     2.6    16.7    22.2    17.4    22.9    14.7    14.1    24.8    29.7     7.9     0.0
     0.0     0.0     0.0     0.0     0.0     0.3     6.0     6.3     1.9     2.7     1.6     3.5    10.2    20.0     6.6     0.0
     0.0     0.0     0.0     0.0     0.0     0.0     0.0     0.0     0.0     0.1     0.1     0.1     0.2     0.4     0.0     0.0
     0.0     0.0     0.0     0.0     0.0     0.0     0.0     0.0     0.0     0.0     0.0     0.0     0.0     0.0     0.0     0.0
     0.0     0.0     0.0     0.0     0.0     0.0     0.0     0.0     0.0     0.0     0.0     0.0     0.0     0.0     0.0     0.0
     0.0     0.0     0.0     0.0     0.0     0.0     0.0     0.0     0.0     0.0     0.0     0.0     0.1     0.0     0.0     0.0
     0.0     0.0     0.0     0.0     0.0     0.0     0.0     0.1     0.2     0.5     0.9     3.6    14.4    10.6     0.0     0.0
     0.0     0.0     0.0     0.0     0.0     1.2     1.7     1.6     1.8     2.9     7.0    16.1    29.0    16.1     0.4     0.0
     0.0     0.0     0.0     0.0     2.6    13.0    11.7     6.9     7.4    13.2    16.1    18.3    20.1     9.7     0.6     0.0
     0.0     0.0     0.0     0.1     2.6    13.3    17.9    20.9    31.1    37.3    31.6    27.2    23.9    20.1     5.0     0.0
     0.0     0.0     0.0     1.0     5.4    13.0    24.8    40.9    50.7    49.7    47.8    42.9    32.9    27.5     7.0     0.0
     0.0     0.0     1.0    13.6    21.5    29.5    46.5    53.1    57.6    56.3    50.3    45.7    31.6    13.3     2.6     0.0
     0.0     0.0     1.0    14.2    28.0    45.0    53.7    51.3    55.2    55.8    52.2    46.5    26.1     9.3     2.3     0.0
     0.0     0.0     0.0     6.7    28.2    41.6    40.5    44.7    45.4    46.3    49.8    41.4    26.6    11.2     2.3     0.0
     0.0     0.0     0.0     3.1    11.7    15.2    22.3    32.3    34.1    34.5    33.8    25.6    20.4    10.5     2.6     0.0
     0.0     0.0     0.0     0.0     1.0     4.3    13.3    24.0    28.0    31.8    23.9    17.0    17.8    13.7     3.4     0.0
